#
# There is insufficient memory for the Java Runtime Environment to continue.
# Native memory allocation (mmap) failed to map 402653184 bytes for G1 virtual space
# Possible reasons:
#   The system is out of physical RAM or swap space
#   The process is running with CompressedOops enabled, and the Java Heap may be blocking the growth of the native heap
# Possible solutions:
#   Reduce memory load on the system
#   Increase physical memory or swap space
#   Check if swap backing store is full
#   Decrease Java heap size (-Xmx/-Xms)
#   Decrease number of Java threads
#   Decrease Java thread stack sizes (-Xss)
#   Set larger code cache with -XX:ReservedCodeCacheSize=
#   JVM is running with Zero Based Compressed Oops mode in which the Java heap is
#     placed in the first 32GB address space. The Java Heap base address is the
#     maximum limit for the native heap growth. Please use -XX:HeapBaseMinAddress
#     to set the Java Heap base and to place the Java Heap above 32GB virtual address.
# This output file may be truncated or incomplete.
#
#  Out of Memory Error (os_windows.cpp:3550), pid=14456, tid=7448
#
# JRE version:  (17.0.8+9) (build )
# Java VM: Java HotSpot(TM) 64-Bit Server VM (17.0.8+9-LTS-211, mixed mode, emulated-client, sharing, tiered, compressed oops, compressed class ptrs, g1 gc, windows-amd64)
# No core dump will be written. Minidumps are not enabled by default on client versions of Windows
#

---------------  S U M M A R Y ------------

Command Line: -XX:TieredStopAtLevel=1 -Dspring.output.ansi.enabled=always -Dcom.sun.management.jmxremote -Dspring.jmx.enabled=true -Dspring.liveBeansView.mbeanDomain -Dspring.application.admin.enabled=true -Dmanagement.endpoints.jmx.exposure.include=* -javaagent:C:\Program Files\JetBrains\IntelliJ IDEA 2023.2.2\lib\idea_rt.jar=63773:C:\Program Files\JetBrains\IntelliJ IDEA 2023.2.2\bin -Dfile.encoding=UTF-8 tn.esprit.foyer.FoyerApplication

Host: Intel(R) Core(TM) i5-10300H CPU @ 2.50GHz, 8 cores, 23G,  Windows 11 , 64 bit Build 22621 (10.0.22621.3958)
Time: Mon Nov  4 20:05:04 2024 Afr. centrale Ouest elapsed time: 0.042062 seconds (0d 0h 0m 0s)

---------------  T H R E A D  ---------------

Current thread (0x00000238c9bb5830):  JavaThread "Unknown thread" [_thread_in_vm, id=7448, stack(0x000000de6ef00000,0x000000de6f000000)]

Stack: [0x000000de6ef00000,0x000000de6f000000]
Native frames: (J=compiled Java code, j=interpreted, Vv=VM code, C=native code)
V  [jvm.dll+0x677d0a]
V  [jvm.dll+0x7d8c54]
V  [jvm.dll+0x7da3fe]
V  [jvm.dll+0x7daa63]
V  [jvm.dll+0x245c5f]
V  [jvm.dll+0x674bb9]
V  [jvm.dll+0x6694f2]
V  [jvm.dll+0x3031d6]
V  [jvm.dll+0x30a756]
V  [jvm.dll+0x359f9e]
V  [jvm.dll+0x35a1cf]
V  [jvm.dll+0x2da3e8]
V  [jvm.dll+0x2db354]
V  [jvm.dll+0x7aa711]
V  [jvm.dll+0x367b51]
V  [jvm.dll+0x789979]
V  [jvm.dll+0x3eb05f]
V  [jvm.dll+0x3ecae1]
C  [jli.dll+0x5297]
C  [ucrtbase.dll+0x29333]
C  [KERNEL32.DLL+0x1257d]
C  [ntdll.dll+0x5af08]


---------------  P R O C E S S  ---------------

Threads class SMR info:
_java_thread_list=0x00007ffae44459d8, length=0, elements={
}

Java Threads: ( => current thread )

Other Threads:
  0x00000238c9c3ea30 GCTaskThread "GC Thread#0" [stack: 0x000000de6f000000,0x000000de6f100000] [id=5736]
  0x00000238c9c4d850 ConcurrentGCThread "G1 Main Marker" [stack: 0x000000de6f100000,0x000000de6f200000] [id=14164]
  0x00000238c9c4e260 ConcurrentGCThread "G1 Conc#0" [stack: 0x000000de6f200000,0x000000de6f300000] [id=24812]

[error occurred during error reporting (printing all threads), id 0xc0000005, EXCEPTION_ACCESS_VIOLATION (0xc0000005) at pc=0x00007ffae3c7b047]

VM state: not at safepoint (not fully initialized)

VM Mutex/Monitor currently owned by a thread:  ([mutex/lock_event])
[0x00000238c9bb2df0] Heap_lock - owner thread: 0x00000238c9bb5830

Heap address: 0x0000000682800000, size: 6104 MB, Compressed Oops mode: Zero based, Oop shift amount: 3

CDS archive(s) mapped at: [0x0000000000000000-0x0000000000000000-0x0000000000000000), size 0, SharedBaseAddress: 0x0000000800000000, ArchiveRelocationMode: 1.
Narrow klass base: 0x0000000000000000, Narrow klass shift: 0, Narrow klass range: 0x0

GC Precious Log:
<Empty>

Heap:
 garbage-first heap   total 0K, used 0K [0x0000000682800000, 0x0000000800000000)
  region size 4096K, 0 young (0K), 0 survivors (0K)

[error occurred during error reporting (printing heap information), id 0xc0000005, EXCEPTION_ACCESS_VIOLATION (0xc0000005) at pc=0x00007ffae4061499]

GC Heap History (0 events):
No events

Deoptimization events (0 events):
No events

Classes unloaded (0 events):
No events

Classes redefined (0 events):
No events

Internal exceptions (0 events):
No events

VM Operations (0 events):
No events

Events (1 events):
Event: 0.037 Loaded shared library C:\Program Files\Java\jdk-17\bin\java.dll


Dynamic libraries:
0x00007ff727310000 - 0x00007ff727320000 	C:\Program Files\Java\jdk-17\bin\java.exe
0x00007ffb36650000 - 0x00007ffb36867000 	C:\WINDOWS\SYSTEM32\ntdll.dll
0x00007ffb358c0000 - 0x00007ffb35984000 	C:\WINDOWS\System32\KERNEL32.DLL
0x00007ffb33cf0000 - 0x00007ffb340a7000 	C:\WINDOWS\System32\KERNELBASE.dll
0x00007ffb33ad0000 - 0x00007ffb33be1000 	C:\WINDOWS\System32\ucrtbase.dll
0x00007ffb297b0000 - 0x00007ffb297cb000 	C:\Program Files\Java\jdk-17\bin\VCRUNTIME140.dll
0x00007ffb29790000 - 0x00007ffb297a9000 	C:\Program Files\Java\jdk-17\bin\jli.dll
0x00007ffb349f0000 - 0x00007ffb34aa2000 	C:\WINDOWS\System32\ADVAPI32.dll
0x00007ffb364c0000 - 0x00007ffb36567000 	C:\WINDOWS\System32\msvcrt.dll
0x00007ffb34940000 - 0x00007ffb349e8000 	C:\WINDOWS\System32\sechost.dll
0x00007ffb33c20000 - 0x00007ffb33c48000 	C:\WINDOWS\System32\bcrypt.dll
0x00007ffb34820000 - 0x00007ffb34934000 	C:\WINDOWS\System32\RPCRT4.dll
0x00007ffb362a0000 - 0x00007ffb3644f000 	C:\WINDOWS\System32\USER32.dll
0x00007ffb19270000 - 0x00007ffb19503000 	C:\WINDOWS\WinSxS\amd64_microsoft.windows.common-controls_6595b64144ccf1df_6.0.22621.3672_none_2713b9d173822955\COMCTL32.dll
0x00007ffb33bf0000 - 0x00007ffb33c16000 	C:\WINDOWS\System32\win32u.dll
0x00007ffb35cb0000 - 0x00007ffb35cd9000 	C:\WINDOWS\System32\GDI32.dll
0x00007ffb340b0000 - 0x00007ffb341c8000 	C:\WINDOWS\System32\gdi32full.dll
0x00007ffb33c50000 - 0x00007ffb33cea000 	C:\WINDOWS\System32\msvcp_win.dll
0x00007ffb2f530000 - 0x00007ffb2f53a000 	C:\WINDOWS\SYSTEM32\VERSION.dll
0x00007ffb34380000 - 0x00007ffb343b1000 	C:\WINDOWS\System32\IMM32.DLL
0x00007ffb2b830000 - 0x00007ffb2b83c000 	C:\Program Files\Java\jdk-17\bin\vcruntime140_1.dll
0x00007ffb1e550000 - 0x00007ffb1e5de000 	C:\Program Files\Java\jdk-17\bin\msvcp140.dll
0x00007ffae3990000 - 0x00007ffae456e000 	C:\Program Files\Java\jdk-17\bin\server\jvm.dll
0x00007ffb36580000 - 0x00007ffb36588000 	C:\WINDOWS\System32\PSAPI.DLL
0x00007ffb154b0000 - 0x00007ffb154b9000 	C:\WINDOWS\SYSTEM32\WSOCK32.dll
0x00007ffb2eda0000 - 0x00007ffb2edd4000 	C:\WINDOWS\SYSTEM32\WINMM.dll
0x00007ffb36590000 - 0x00007ffb36601000 	C:\WINDOWS\System32\WS2_32.dll
0x00007ffb32a60000 - 0x00007ffb32a78000 	C:\WINDOWS\SYSTEM32\kernel.appcore.dll
0x00007ffb29780000 - 0x00007ffb2978a000 	C:\Program Files\Java\jdk-17\bin\jimage.dll
0x00007ffb31260000 - 0x00007ffb31492000 	C:\WINDOWS\SYSTEM32\DBGHELP.DLL
0x00007ffb34ab0000 - 0x00007ffb34e3e000 	C:\WINDOWS\System32\combase.dll
0x00007ffb357d0000 - 0x00007ffb358a7000 	C:\WINDOWS\System32\OLEAUT32.dll
0x00007ffb17c10000 - 0x00007ffb17c42000 	C:\WINDOWS\SYSTEM32\dbgcore.DLL
0x00007ffb34300000 - 0x00007ffb3437b000 	C:\WINDOWS\System32\bcryptPrimitives.dll
0x00007ffb1e4a0000 - 0x00007ffb1e4ae000 	C:\Program Files\Java\jdk-17\bin\instrument.dll
0x00007ffb28b10000 - 0x00007ffb28b35000 	C:\Program Files\Java\jdk-17\bin\java.dll

dbghelp: loaded successfully - version: 4.0.5 - missing functions: none
symbol engine: initialized successfully - sym options: 0x614 - pdb path: .;C:\Program Files\Java\jdk-17\bin;C:\WINDOWS\SYSTEM32;C:\WINDOWS\WinSxS\amd64_microsoft.windows.common-controls_6595b64144ccf1df_6.0.22621.3672_none_2713b9d173822955;C:\Program Files\Java\jdk-17\bin\server

VM Arguments:
jvm_args: -XX:TieredStopAtLevel=1 -Dspring.output.ansi.enabled=always -Dcom.sun.management.jmxremote -Dspring.jmx.enabled=true -Dspring.liveBeansView.mbeanDomain -Dspring.application.admin.enabled=true -Dmanagement.endpoints.jmx.exposure.include=* -javaagent:C:\Program Files\JetBrains\IntelliJ IDEA 2023.2.2\lib\idea_rt.jar=63773:C:\Program Files\JetBrains\IntelliJ IDEA 2023.2.2\bin -Dfile.encoding=UTF-8 
java_command: tn.esprit.foyer.FoyerApplication
java_class_path (initial): C:\Users\trabe\OneDrive\Bureau\University-Spring-master\target\classes;C:\Users\trabe\.m2\repository\org\springframework\boot\spring-boot-starter-data-jpa\3.1.4\spring-boot-starter-data-jpa-3.1.4.jar;C:\Users\trabe\.m2\repository\org\springframework\boot\spring-boot-starter-aop\3.1.4\spring-boot-starter-aop-3.1.4.jar;C:\Users\trabe\.m2\repository\org\springframework\spring-aop\6.0.12\spring-aop-6.0.12.jar;C:\Users\trabe\.m2\repository\org\aspectj\aspectjweaver\1.9.20\aspectjweaver-1.9.20.jar;C:\Users\trabe\.m2\repository\org\springframework\boot\spring-boot-starter-jdbc\3.1.4\spring-boot-starter-jdbc-3.1.4.jar;C:\Users\trabe\.m2\repository\com\zaxxer\HikariCP\5.0.1\HikariCP-5.0.1.jar;C:\Users\trabe\.m2\repository\org\springframework\spring-jdbc\6.0.12\spring-jdbc-6.0.12.jar;C:\Users\trabe\.m2\repository\org\hibernate\orm\hibernate-core\6.2.9.Final\hibernate-core-6.2.9.Final.jar;C:\Users\trabe\.m2\repository\jakarta\persistence\jakarta.persistence-api\3.1.0\jakarta.persistence-api-3.1.0.jar;C:\Users\trabe\.m2\repository\jakarta\transaction\jakarta.transaction-api\2.0.1\jakarta.transaction-api-2.0.1.jar;C:\Users\trabe\.m2\repository\org\jboss\logging\jboss-logging\3.5.3.Final\jboss-logging-3.5.3.Final.jar;C:\Users\trabe\.m2\repository\org\hibernate\common\hibernate-commons-annotations\6.0.6.Final\hibernate-commons-annotations-6.0.6.Final.jar;C:\Users\trabe\.m2\repository\io\smallrye\jandex\3.0.5\jandex-3.0.5.jar;C:\Users\trabe\.m2\repository\com\fasterxml\classmate\1.5.1\classmate-1.5.1.jar;C:\Users\trabe\.m2\repository\net\bytebuddy\byte-buddy\1.14.8\byte-buddy-1.14.8.jar;C:\Users\trabe\.m2\repository\org\glassfish\jaxb\jaxb-runtime\4.0.3\jaxb-runtime-4.0.3.jar;C:\Users\trabe\.m2\repository\org\glassfish\jaxb\jaxb-core\4.0.3\jaxb-core-4.0.3.jar;C:\Users\trabe\.m2\repository\org\glassfish\jaxb\txw2\4.0.3\txw2-4.0.3.jar;C:\Users\trabe\.m2\repository\com\sun\istack\istack-commons-runtime\4.1.2\istack-commons-runtime-4.1.2.jar;C:\Users\trabe\
Launcher Type: SUN_STANDARD

[Global flags]
     intx CICompilerCount                          = 4                                         {product} {ergonomic}
     uint ConcGCThreads                            = 2                                         {product} {ergonomic}
     uint G1ConcRefinementThreads                  = 8                                         {product} {ergonomic}
   size_t G1HeapRegionSize                         = 4194304                                   {product} {ergonomic}
    uintx GCDrainStackTargetSize                   = 64                                        {product} {ergonomic}
   size_t InitialHeapSize                          = 402653184                                 {product} {ergonomic}
     bool ManagementServer                         = true                                      {product} {command line}
   size_t MarkStackSize                            = 4194304                                   {product} {ergonomic}
   size_t MaxHeapSize                              = 6400507904                                {product} {ergonomic}
   size_t MinHeapDeltaBytes                        = 4194304                                   {product} {ergonomic}
   size_t MinHeapSize                              = 8388608                                   {product} {ergonomic}
    uintx NonProfiledCodeHeapSize                  = 0                                      {pd product} {ergonomic}
     bool ProfileInterpreter                       = false                                  {pd product} {command line}
    uintx ProfiledCodeHeapSize                     = 0                                      {pd product} {ergonomic}
   size_t SoftMaxHeapSize                          = 6400507904                             {manageable} {ergonomic}
     intx TieredStopAtLevel                        = 1                                         {product} {command line}
     bool UseCompressedClassPointers               = true                           {product lp64_product} {ergonomic}
     bool UseCompressedOops                        = true                           {product lp64_product} {ergonomic}
     bool UseG1GC                                  = true                                      {product} {ergonomic}
     bool UseLargePagesIndividualAllocation        = false                                  {pd product} {ergonomic}

Logging:
Log output configuration:
 #0: stdout all=warning uptime,level,tags
 #1: stderr all=off uptime,level,tags

Environment Variables:
PATH=C:\Program Files\Common Files\Oracle\Java\javapath;C:\oraclexe\app\oracle\product\11.2.0\server\bin;;C:\Windows\system32;C:\Windows;C:\Windows\System32\Wbem;C:\Windows\System32\WindowsPowerShell\v1.0\;C:\Windows\System32\OpenSSH\;C:\Program Files (x86)\NVIDIA Corporation\PhysX\Common;C:\Program Files\NVIDIA Corporation\NVIDIA NvDLISR;C:\Program Files\Java\jdk1.8.0_301\bin;C:\WINDOWS\system32;C:\WINDOWS;C:\WINDOWS\System32\Wbem;C:\WINDOWS\System32\WindowsPowerShell\v1.0\;C:\WINDOWS\System32\OpenSSH\;C:\xampp\mysql;C:\xampp\php;C:\Program Files\Git\cmd;C:\ProgramData\ComposerSetup\bin;C:\Program Files\Microsoft SQL Server\150\Tools\Binn\;C:\Program Files\Microsoft SQL Server\Client SDK\ODBC\170\Tools\Binn\;C:\Program Files\dotnet\;C:\Program Files (x86)\Microsoft SQL Server\110\DTS\Binn\;C:\Program Files (x86)\Microsoft SQL Server\110\Tools\Binn\;C:\Program Files (x86)\Microsoft SQL Server\110\Tools\Binn\ManagementStudio\;C:\Program Files (x86)\Microsoft Visual Studio 10.0\Common7\IDE\PrivateAssemblies\;C:\Program Files\nodejs\;C:\Program Files\Docker\Docker\resources\bin;C:\Program Files\PowerShell\7\;C:\Program Files\Vagrant\bin;C:\Users\trabe\scoop\shims;C:\Users\trabe\AppData\Local\Microsoft\WindowsApps;C:\Program Files\Java\jdk1.8.0_301\bin;C:\Users\trabe\AppData\Local\GitHubDesktop\bin;C:\xampp\php;C:\Users\trabe\AppData\Roaming\Composer\vendor\bin;C:\Users\trabe\.dotnet\tools;C:\Users\trabe\AppData\Local\Programs\Microsoft VS Code\bin;C:\Users\trabe\AppData\Roaming\npm;C:\Program Files\MongoDB\Server\4.0\bin;
USERNAME=trabelsi
OS=Windows_NT
PROCESSOR_IDENTIFIER=Intel64 Family 6 Model 165 Stepping 2, GenuineIntel



---------------  S Y S T E M  ---------------

OS:
 Windows 11 , 64 bit Build 22621 (10.0.22621.3958)
OS uptime: 1 days 18:53 hours
Hyper-V role detected

CPU: total 8 (initial active 8) (4 cores per cpu, 2 threads per core) family 6 model 165 stepping 2 microcode 0xe0, cx8, cmov, fxsr, ht, mmx, 3dnowpref, sse, sse2, sse3, ssse3, sse4.1, sse4.2, popcnt, lzcnt, tsc, tscinvbit, avx, avx2, aes, erms, clmul, bmi1, bmi2, adx, fma, vzeroupper, clflush, clflushopt, hv

Memory: 4k page, system-wide physical 24413M (10060M free)
TotalPageFile size 82455M (AvailPageFile size 323M)
current process WorkingSet (physical memory assigned to process): 12M, peak: 12M
current process commit charge ("private bytes"): 55M, peak: 439M

vm_info: Java HotSpot(TM) 64-Bit Server VM (17.0.8+9-LTS-211) for windows-amd64 JRE (17.0.8+9-LTS-211), built on Jun 14 2023 10:34:31 by "mach5one" with MS VC++ 17.1 (VS2022)

END.
